4909
2501
2582
0
0
4921
4948
4907
3103
4355
4030
4832
2500
2060
0
3246
0
0
3479
4489
4166
3975
2634
4401
4014
4992
4733
4782
3988
4841
3645
2074
3590
4927
0
4566
4200
3851
4980
3480
4761
0
3998
3961
0
3990
2239
2672
4442
4084
3016
4413
0
4906
4289
0
4254
4889
0
4872
1253
0
3747
4642
3075
4454
4158
4996
4941
0
3418
3281
0
4988
0
0
3030
0
3517
2927
3732
4471
2949
0
0
4965
4317
0
3197
4853
4830
4659
3826
4770
3599
0
4634
0
1199
3243
4982
3152
0
4151
4915
4960
3036
0
4818
4860
4146
0
4313
2603
4281
2284
1862
4917
4794
3644
0
3699
3440
0
1104
0
0
3785
0
3476
3751
4405
4980
4487
4665
0
3653
4855
0
4371
4515
4976
4676
3942
3707
4635
0
3256
0
4294
0
4954
0
2978
0
4542
4722
4903
0
3909
0
4819
2843
4932
0
3451
3679
0
3380
4425
4287
0
4852
0
2505
4674
0
0
4323
0
0
4648
0
4398
3188
4448
4462
4802
4741
4667
0
0
0
4859
4979
0
4893
4379
4738
4930
0
0
3388
3752
3406
0
4761
3919
4552
4297
4984
4634
0
3738
0
4860
4907
0
4763
0
2383
2391
2326
4533
0
4471
0
1926
4774
4650
4870
0
0
4876
0
4026
0
4686
0
3360
4338
4170
0
0
2703
0
4063
4636
4940
2934
4156
4698
4441
0
0
1658
2703
4423
4863
4425
0
4874
4792
4815
4691
3793
4863
0
4933
0
4905
2103
4067
0
3329
1663
3265
0
3189
4724
0
1347
0
4120
0
4393
4273
3641
4573
4851
3985
2881
0
4597
1506
2467
4866
4882
4495
0
2271
3504
0
1995
0
0
4971
4387
0
4347
4872
1291
4319
4821
3332
4847
3768
4341
0
0
4846
4511
4975
4398
4556
2564
3990
4982
4833
4196
3630
0
4591
4858
3526
0
4427
0
2793
4949
4890
4971
2789
2989
3488
4770
4285
4800
3522
4979
4901
3945
3213
0
0
3138
0
3986
0
3568
4964
4860
0
4533
4917
2174
4568
4626
4857
3782
4458
4306
3211
3815
3718
2798
4598
4956
3234
3956
0
0
4866
2466
3101
0
4243
3112
4459
0
0
4679
0
4874
4851
4409
3938
0
0
4995
3905
4932
4287
0
4337
4901
0
4939
0
3761
0
4928
4651
4568
4779
3437
0
4079
3268
0
2501
4907
4822
3020
3833
4518
4451
4823
0
4998
0
4018
4936
3475
4619
4510
3558
4555
0
4970
0
4621
4435
0
0
4625
4248
0
4699
1945
0
4743
4290
3427
0
0
4648
0
4682
0
1728
4821
0
3649
0
0
4693
0
4309
4973
4250
4959
0
2562
2818
3027
4689
0
4931
3006
4862
0
0
3712
2266
3973
0
4621
4373
4509
4803
2913
0
4148
3873
2212
2740
0
0
4746
2688
4964
4641
3685
4041
4350
4994
0
4941
4875
0
0
4305
4959
4893
4887
2294
3479
4876
4027
0
4458
0
4985
3592
4862
3320
3927
4967
4589
0
0
2834
2330
0
4809
0
4668
0
2981
3367
0
3128
4122
0
3328
0
2837
2986
4889
4969
3331
4650
4616
0
4481
4535
0
2900
0
3640
4912
0
4518
4601
4954
4489
3819
4819
2557
4403
4453
4753
3057
3633
3062
0
3049
0
0
4449
2789
4907
4588
0
4380
0
0
4396
0
4997
4314
4863
4180
0
0
0
4503
0
4155
4413
2373
0
0
0
4052
0
3361
4719
0
0
3998
3737
4970
0
4857
2937
0
2777
3848
0
4964
3653
4104
4814
4366
0
4838
4641
3891
2414
2475
4040
0
4891
0
3701
0
4222
4777
4941
0
0
3795
0
4437
4965
4999
3983
0
3013
4587
0
3275
4286
3373
0
4102
3806
4634
3497
0
4367
3425
0
0
3875
4879
3668
0
4206
0
1875
3373
4899
0
4077
2203
4415
4749
3843
2050
0
0
0
4536
4696
4779
4450
4949
4200
4812
0
3722
0
2556
4368
4247
4750
3339
4285
3204
4693
4918
4994
4753
4453
2511
0
3638
3040
3855
4470
3188
2401
0
4383
4883
3003
3749
3285
0
4950
4722
0
0
4757
4762
4843
0
4403
4826
3326
4401
4918
4627
3403
4930
0
1605
3884
0
0
4480
4571
4938
4072
0
4021
4135
4480
3094
2751
4999
0
2740
3890
4821
3284
4621
0
4529
4599
4171
4856
0
4302
4900
3687
4924
3344
4257
3298
3809
4937
4041
2625
3406
4762
4308
4988
0
3535
0
4815
3336
0
2270
4763
4623
2750
0
3924
0
4168
0
4999
0
4501
0
4861
4565
2781
4268
0
4914
0
4081
4895
4491
4631
4919
0
4972
0
4087
0
0
0
3863
4174
4817
4029
4523
0
2493
3129
4760
0
0
0
4705
3817
1778
3534
0
4105
2308
3276
0
4888
3818
4641
2908
1593
4985
2195
0
4890
3138
1472
1778
4438
0
4949
0
0
4819
4396
4777
3049
4960
0
3245
4456
4958
3686
4272
4023
3214
2983
4583
3045
3502
1994
0
4976
4416
0
2966
4934
4787
3877
0
4119
4730
4931
0
4081
4884
0
0
2446
4857
3263
4836
3310
4913
3317
0
0
1537
3252
0
0
4897
3721
4539
0
4818
3737
3556
0
3839
4956
4171
4777
4178
0
2638
0
3562
4909
0
4413
4503
2295
4527
4855
2953
3886
0
4246
4587
3858
3534
3302
4652
0
4313
4841
0
4906
0
4217
4942
2807
4434
4326
0
704
4312
4563
4824
3683
4991
0
1307
4513
2550
2323
0
0
4748
4840
4405
0
4732
0
0
3852
3991
3256
4811
4659
0
2525
2257
4310
4245
4749
3959
4659
4292
0
4471
4951
1633
0
4945
3201
4186
4450
4735
4652
4206
4694
3860
4030
4093
4608
0
4796
0
0
4830
2285
4716
4647
2544
4327
3272
2695
3799
0
4139
0
0
4745
4368
4764
1867
3527
4635
3124
4759
3743
4750
0
0
4122
3338
2774
0
0
4891
4980
0
4711
4980
4961
3392
1574
4694
4693
0
0
4714
0
3390
3909
2690
0
0
4455
3288
4882
4696
4121
4638
0
3466
4699
4738
2554
4066
0
0
4596
4427
0
0
4686
0
3840
4382
4779
3057
4874
4642
0
4296
0
0
0
0
0
0
4962
0
0
0
3071
3496
3954
3491
4464
4676
0
4770
0
3397
4262
4140
3801
4371
0
4054
3176
0
4679
3390
0
4922
0
4802
4749
3870
4626
1593
4230
4028
4942
4988
4715
4864
3712
4654
4417
4797
3176
3838
4959
4823
3891
3955
4826
3712
0
4997
4349
4695
4333
4796
4987
0
4905
0
2559
0
4980
3706
2838
4558
4386
4107
0
0
2767
4063
3714
4791
3263
3928
2917
0
0
4222
4097
4186
4114
4876
4929
3360
3985
3890
4421
0
4887
4755
4918
4464
4421
4332
0
4103
1629
4961
4996
4403
3600
4639
2458
2693
4238
4364
4966
0
0
0
4809
3148
4223
4753
4709
0
2672
2992
4867
3545
2934
4211
0
4267
3596
4093
4572
0
0
3904
4871
4825
0
0
4976
3499
0
3310
4713
0
4953
0
3273
0
3598
4552
4793
0
0
4926
4615
2398
4393
0
4785
0
3268
3629
4751
4907
2313
3111
4411
0
4963
0
4114
0
4787
3923
4722
0
4797
0
4293
1570
4098
0
4409
4994
4954
3897
0
0
4866
0
0
4992
2855
0
0
0
4112
4659
2968
4860
4732
4425
4947
4976
4982
4809
0
4961
3400
4727
4304
0
0
3533
0
4841
4836
0
0
0
4677
4918
4998
4821
0
3287
3838
0
2730
3973
4936
4929
3492
0
4629
3008
3793
0
0
2952
4951
0
3730
3887
2562
4323
1445
3059
4944
4666
4393
2666
4434
2383
3749
0
3367
4811
3936
4821
0
4776
3922
4323
3283
0
4409
0
0
3989
0
4584
933
4037
4524
3353
3977
4638
4796
0
4644
0
4254
4686
3248
4792
0
0
0
2412
0
4982
0
4762
4400
4772
3756
3710
4278
4799
4868
4727
0
4995
4852
4932
4583
4991
4871
4432
4695
4997
4576
4597
0
4726
4666
4072
0
3859
4041
0
1659
4387
0
4970
3354
3033
4709
4575
0
3102
0
3671
0
649
4902
1347
4720
4874
3436
4280
4078
4762
4754
3818
4324
4673
4281
0
0
0
4849
4567
3111
1859
0
4999
0
4490
0
4479
0
3114
4911
4609
0
4308
4091
0
4749
0
4854
3985
4056
2892
3562
3826
4473
2241
3724
4914
4468
0
4936
4717
0
0
4708
4295
4941
2980
0
3304
0
4023
4141
4982
4518
4578
0
4109
4814
2920
4493
4876
3881
4910
4867
4832
3823
4920
4779
4426
4704
3838
4717
0
4819
0
4792
3472
0
4478
2455
4651
0
0
4120
4147
4970
4072
2004
4410
4911
0
4565
4351
2395
3919
2595
4988
4300
0
0
3515
4638
3941
4393
2852
3696
4969
2459
4701
4849
0
4757
4648
2915
4276
4559
3756
0
4883
3474
3128
4277
0
4619
4815
4865
4797
4531
4537
4983
4374
3567
4227
2742
4543
4555
3897
4977
3174
0
4799
4781
4158
4798
3040
4371
2533
4524
4719
4129
0
4704
4986
0
4850
4615
4466
4057
4411
2870
3944
4055
4641
2586
4243
4779
0
3840
4894
0
4427
0
4701
3485
4366
4257
0
4261
0
2747
4812
4426
3042
0
0
4744
4889
3807
3671
4994
4448
2374
0
3144
2302
4933
4155
3815
4915
4595
3932
0
4967
4654
0
4921
4924
4967
4762
4473
0
4999
0
2429
4223
4573
4152
0
4271
4988
3445
4923
4577
4284
4384
4772
3544
0
4603
4768
2109
0
0
2664
4151
0
0
4183
0
0
4970
0
4965
0
0
0
4755
3163
4367
4840
4767
4435
3924
4770
4808
4813
3907
4104
4782
4892
4467
0
0
4185
0
4949
3855
4116
2892
4812
4515
0
3818
4337
4755
4887
4915
0
4209
4852
0
0
4159
4999
4205
4624
0
4818
4485
0
4819
0
4666
3690
4815
4521
4409
4358
3264
0
3944
3150
4586
4846
4319
0
3681
4626
0
2871
0
4027
4694
2665
0
4425
4968
4918
4454
0
2983
4717
0
4758
4473
0
4563
2909
4915
0
4819
4717
1551
4017
4777
4985
4766
4188
4982
4073
4784
0
0
0
4994
4453
4954
0
3131
4841
4269
3516
0
4834
4907
4466
4819
4538
2024
4691
2468
3766
3303
4991
4758
4926
3327
4492
4203
4402
3588
1187
4434
2494
4682
4764
3786
4270
4789
0
4649
4409
0
4460
3958
2210
4428
4898
3961
0
0
4288
1434
4817
0
4644
4346
2805
0
4935
0
4994
3248
0
4981
0
0
1579
4803
2756
4641
4299
0
4012
4654
4999
4960
0
3144
4740
721
3084
2642
3873
0
1838
4811
0
3852
0
0
0
0
4319
4392
4697
0
0
4955
0
4825
0
4578
4685
3738
0
4987
4876
0
0
2929
3857
4587
4330
4827
4541
3695
0
4884
4450
4963
4787
0
0
4004
4727
4044
3783
4714
4231
4649
4513
3073
4303
4911
3185
2765
3764
4973
0
4793
4138
4619
4149
4950
0
4336
0
4821
4583
0
4524
0
4996
0
4275
3658
4218
0
4898
0
4480
4280
0
4243
0
3339
0
0
3671
3628
4905
4794
4454
4582
4644
3270
0
3052
4358
4402
4276
3248
4574
0
3428
4212
0
2889
4989
4444
4675
0
0
3841
3380
2735
4110
2031
0
4283
0
3517
0
3896
4189
4402
4978
4883
4869
3722
4090
4890
0
3701
4372
4268
0
0
4980
0
0
0
4640
4495
4057
4910
0
4706
0
0
0
0
0
4923
0
4627
4495
0
4597
4995
4792
3883
3810
3198
3558
0
4516
4823
4884
4967
3503
0
3007
4567
0
3210
4835
0
4427
3614
3967
4785
1687
4531
4999
3049
4609
0
4764
3032
4253
0
4613
4352
4885
3673
4847
0
4098
0
2335
3319
0
3876
4777
3782
4779
3638
3986
4781
4614
0
4754
4985
4805
4993
2331
4172
4994
2673
2495
4342
0
0
4798
2775
4815
4194
0
1579
0
4668
3840
4720
0
0
0
4119
4011
4982
0
0
4592
3272
4683
0
0
4651
4414
0
3667
4257
4636
0
4757
3135
4109
0
4304
0
2310
1394
4999
4696
0
0
4984
0
3250
4861
0
0
4905
4041
4803
4085
4049
0
4879
0
3855
4351
0
4929
3439
4855
3899
2231
4798
4727
3761
3394
3625
0
2416
4371
0
2562
2892
4642
3749
4231
4644
4251
0
0
2552
0
3819
4001
3448
4871
0
4170
0
4611
3262
0
4425
4266
2899
4917
0
4238
0
4790
0
4767
4953
4990
4483
4471
4996
0
3174
0
4942
0
3855
4879
4485
4204
4822
3327
0
4113
0
4860
2983
2751
4926
0
4609
4743
3607
0
4323
3313
3830
4717
4492
0
4714
0
1786
2874
1893
3441
3581
3026
4623
3856
4762
4611
4408
0
2993
4841
4513
2651
4323
4800
3187
4295
4698
0
4489
0
0
4675
3022
3956
0
0
0
0
3400
4671
4435
4241
2790
4999
0
4502
4568
4991
0
3558
3535
4574
4899
3969
4110
4919
4737
0
0
0
4072
0
4965
0
3581
3456
4559
4227
4151
4369
0
0
3927
0
4288
4341
2998
0
0
4937
0
0
4969
2198
4866
0
2817
4583
4907
4236
4654
3442
4242
0
2658
4676
4959
3922
0
0
2248
3972
0
3805
4151
2099
4646
3819
3367
4881
4375
4600
0
4964
0
2103
2692
0
3710
4403
0
4815
4540
3454
3862
4552
4124
4778
3394
4862
2653
4654
3257
0
2269
4779
4896
4231
4897
0
0
4606
0
3480
4899
0
0
4860
3467
4529
4896
0
3677
4477
3361
0
1910
4786
3963
4673
4279
4788
4888
0
4571
0
4127
4461
0
4674
0
0
4193
0
4819
4408
2143
4934
4564
2387
4131
4864
3869
4550
2862
4803
4273
4115
4858
4699
4419
3812
4878
0
4699
0
4953
4632
3983
0
0
0
0
0
1331
4233
4744
4459
2793
4755
2094
0
4190
0
0
4119
4851
3268
3204
0
0
3986
3617
3416
1390
4798
0
4104
4579
4331
0
4248
4761
3543
2237
0
0
0
4986
0
4692
4577
2290
4940
4671
0
4537
4826
4120
4479
0
4869
4063
4906
4105
2861
3536
3268
4989
4552
2137
0
4955
0
0
0
0
0
2834
0
3002
3738
4944
4894
4740
0
4882
0
4611
4772
1788
4876
4128
0
4581
4892
4894
4201
0
4470
0
3125
4886
0
4471
0
4487
3446
0
4682
0
3539
4473
2604
0
1272
4550
3514
0
3498
4772
0
1947
4921
4968
4936
0
4738
0
0
2770
3166
4579
0
0
3626
2555
2351
4793
4861
4749
4678
3240
4335
4819
4907
4827
4231
2785
4911
0
0
4921
3497
4581
0
4822
4983
0
0
4851
0
4863
0
4729
4435
3197
0
996
4851
4471
4453
0
4618
0
3939
0
3368
0
4866
4659
0
4667
3967
0
3452
3745
0
0
4970
4999
4608
4499
3217
1485
0
3142
4008
4933
3391
0
4432
0
3743
908
3451
0
0
4726
0
4323
4507
4850
0
3616
4212
3946
0
0
4994
4534
4695
4526
3986
4960
0
0
0
3045
0
4748
4262
4107
4437
4609
3909
0
4926
4854
4077
4172
4845
3994
4667
4261
4963
3340
4862
0
4788
4898
4552
4084
0
4581
3700
4415
0
0
4794
4052
0
4764
0
4977
0
0
4651
4987
4730
0
3398
0
4800
4714
4737
0
3409
0
4534
0
4071
3291
4681
0
4111
4367
4174
0
4320
4572
4240
4671
0
0
0
0
4225
4815
4756
4999
4883
4906
3252
2876
3589
3756
0
4335
0
915
0
4869
4548
4891
4555
0
3015
4532
4920
4948
4981
4257
3266
4868
4894
4938
0
0
4993
0
4878
4393
0
0
4779
2622
4776
4989
4075
4819
4859
4511
2910
4577
3878
1739
0
4656
4788
4052
4338
4481
2214
4079
3579
4319
3539
783
4307
2539
4691
2800
0
0
0
4778
1749
0
4784
0
4922
4789
0
4988
4458
0
2744
4070
0
0
4867
4501
4995
4920
0
0
1781
4218
4487
2554
3200
4002
0
3592
0
0
3605
2362
4734
4578
0
3531
4845
3148
0
0
3607
2893
3112
4473
4579
4783
4585
3303
4501
4487
2881
3386
4440
0
4056
3562
1969
4755
1073
2552
3104
0
4365
0
4846
4760
4987
3802
3512
4284
4825
0
4670
0
4914
4890
2536
4806
4772
4793
4790
3234
4053
2810
4949
3775
4581
4397
4637
3690
4323
4874
4584
0
3975
4243
4225
4991
0
3957
0
3926
4437
3323
0
4390
0
4983
4456
2476
4856
0
4746
4416
2173
4803
0
3930
0
4501
4000
3853
4755
0
4953
4789
4579
4585
4206
4362
4815
4879
3725
4689
3630
4110
0
0
2558
4411
4643
0
3775
2233
4090
4720
4902
3755
0
4223
0
3753
0
3558
4943
4824
4893
4981
4538
3597
3734
4735
3508
0
4385
3623
0
3999
2566
0
0
0
2421
3751
2098
4892
3816
4715
4610
3354
4273
4048
3323
3378
3566
0
4784
0
3415
2233
4654
3609
3008
4528
0
4774
4848
0
0
2285
0
4863
4724
4923
3803
0
0
4846
4570
4564
4970
4456
4696
3021
0
4217
2808
3905
4529
3216
3283
4262
4851
4284
2511
0
3717
4831
3724
4968
4715
4332
0
4652
0
4650
4846
0
4493
4720
3313
4872
0
4822
4936
4866
0
4878
4684
1411
0
0
1893
0
4958
3430
4893
4314
3304
4743
4822
2208
3849
3278
0
4741
3838
3291
0
4114
4742
3573
0
4060
4815
4355
0
4258
4871
3692
4883
3350
0
4001
2964
4458
4996
3773
0
2990
0
4709
3286
3142
3698
3602
3022
4790
4098
0
0
4980
4579
0
0
4990
4923
4390
0
4577
4788
4750
2037
3655
4192
0
4968
0
2537
4850
4450
4470
0
4969
3904
0
3918
4946
0
4727
4619
4719
4531
4561
4930
1866
4638
0
3833
4588
0
0
4944
0
3909
4766
3594
4891
4671
2589
0
4999
4922
2917
3271
0
0
0
0
4457
4729
0
4992
4190
3124
3653
3154
2822
3690
4410
4604
4831
4926
4971
0
0
3923
4493
2823
0
0
4538
4488
4802
4740
0
4796
4781
0
4963
0
3374
3811
0
4343
4387
4964
4177
4737
0
4441
4895
3406
4995
4536
4612
0
4587
0
3445
4204
4327
4509
0
0
4759
1342
4451
0
1966
3529
4609
4564
0
4992
0
0
3536
2221
4794
4518
4944
2191
0
4586
4841
3073
4624
4568
0
1433
3523
4995
0
0
3277
0
2159
3909
2427
2772
4557
3800
4875
4344
4441
0
1920
3538
4928
3277
3306
4362
0
4422
0
4886
4252
4072
0
0
3142
4010
0
2075
4862
4643
4142
0
0
4881
2695
0
4135
3812
0
4552
4601
0
1245
0
0
4026
2522
0
0
1897
3689
4880
4748
4698
3751
3323
4375
1833
2668
4608
3958
4713
4815
4840
3266
4957
4874
0
0
4679
4119
2528
4831
4724
4956
4975
4951
2994
4880
3285
4888
4598
4808
4840
4092
0
2044
4872
0
4784
2986
3986
4996
4619
4685
0
0
4917
4621
3687
0
4411
1027
0
4717
4262
0
0
0
4699
4410
4011
0
0
4208
4335
0
3875
3812
0
0
0
0
0
0
3234
4897
3947
4448
3897
0
4644
3756
4695
4909
3740
0
4494
2893
0
3803
3845
4960
4731
4955
3530
0
4171
4782
4013
0
4564
0
4256
4508
4387
2649
0
0
4965
4924
3384
4695
0
4119
3352
2868
4016
4716
4515
3763
4729
4515
4981
4594
3629
4839
0
4707
4997
3142
0
2615
0
4738
4420
4949
4411
4790
4567
0
3177
4834
0
3467
0
4385
0
4861
0
4749
0
3679
0
2628
0
0
4907
4471
4664
4803
4881
0
4970
3452
0
4090
0
3627
3667
2940
3596
4597
0
4813
4844
4709
0
0
2202
4175
3876
4703
4634
1737
1655
3842
4232
2134
4477
4924
0
4520
3308
4811
2304
4577
4795
0
0
0
3699
4240
2487
4817
1221
4843
1957
3803
0
4997
3630
0
0
4498
3314
3876
4071
3907
2970
3828
0
4887
2688
4304
4477
3373
2489
3176
4460
0
4852
2983
4596
0
2937
4452
0
4246
0
4122
2721
0
4915
3553
0
3487
0
4566
3331
0
2840
4033
3972
4434
3472
4758
4977
3939
4127
4956
4797
4943
4853
4434
4443
4903
4881
4712
3495
4892
4792
4023
4590
3391
0
0
0
4711
3054
4120
0
4750
2881
4285
4983
4988
0
4999
4076
4088
3884
3475
4937
3213
1564
3957
0
4212
1664
4865
0
4775
4907
4833
0
3415
2270
0
3381
3718
4815
4616
4701
3421
4783
3173
4996
4279
0
4879
0
4965
0
4900
4431
4803
4853
3072
4977
4876
4315
0
4912
0
3325
4664
3761
4778
2601
4746
0
3008
0
2956
4568
3374
4187
4871
4629
4552
0
0
4693
4843
2991
4866
3765
0
4762
4189
4786
4764
4868
3814
4522
4812
4390
4025
3409
0
1872
2750
0
3832
4037
0
3300
0
3072
4944
4815
4927
4904
2960
4418
3837
4982
0
0
3274
4158
3868
0
4984
3792
3448
4930
4390
0
3919
0
1970
3294
2552
4209
4213
0
0
0
4841
1624
3586
4460
0
3128
3683
3695
3170
4524
4041
4772
4509
4114
4446
2804
4999
4772
4931
3884
0
0
4650
2628
4823
3541
4636
0
0
3946
4987
4650
4896
4371
2028
4506
4864
4689
1155
4010
4613
2646
3431
0
0
4901
4522
0
4956
4994
4119
3083
4159
0
2481
4904
4460
3909
3780
0
4659
2249
0
4618
4053
4944
3591
0
3557
4513
2686
3062
4943
0
4830
2817
4724
4967
4766
0
4386
4989
3988
4041
3131
4989
0
4395
4584
4768
4407
0
0
0
3653
3855
2789
3991
4612
0
4947
0
4677
3277
4484
4935
4789
1117
0
0
4648
2256
4548
0
0
0
4604
4840
3663
4657
0
4281
0
4727
4849
4829
3200
4330
0
4527
4409
0
0
4718
4576
4776
4787
4530
3503
4862
3356
3568
4821
4907
4952
0
0
2582
4898
4915
0
0
2905
4115
4604
3683
4483
0
4748
4730
3999
0
3856
0
4926
4552
4560
0
3398
4676
3291
0
0
4046
4771
4568
0
4947
4990
4879
1950
4793
4689
4542
0
0
4651
3824
0
0
2480
4628
0
0
4717
3658
4186
4961
2910
4929
0
3848
0
0
0
0
4707
4423
4855
0
0
4809
4297
2371
3516
3495
3023
3583
4907
4597
4978
3761
3533
4925
4929
4836
2585
3024
3439
0
0
4699
3787
4654
3108
4631
4997
4880
3459
0
4911
3917
0
4746
4077
0
4703
4576
0
3991
4906
0
0
4542
0
4394
3202
3459
4763
0
3555
4374
4985
4264
0
3820
4794
4802
2319
4885
2508
4686
0
4931
4928
0
0
0
3949
3260
4176
4302
4858
0
0
4456
4286
4937
3229
4616
4209
4519
2469
0
742
0
4818
3687
3743
4332
3071
4277
3746
4439
2840
2967
1648
0
3909
3497
4117
4824
3229
4990
2521
0
0
4346
0
3906
2685
4988
1989
4791
3362
0
0
0
4822
4972
4103
4947
0
0
4656
4818
4159
0
0
3765
4587
0
4817
4996
0
4587
3816
4849
0
4631
4397
3897
0
4880
4842
4605
4722
2761
0
4981
0
4379
0
2192
4735
4674
0
3945
3868
2620
2420
0
0
4412
4502
0
3760
4696
3687
4903
3607
2663
636
3909
0
3176
3409
4719
0
3583
1711
3206
4654
4349
4910
0
0
4208
4997
0
3145
3603
0
4489
4659
0
3140
3859
4040
4935
4649
4958
3862
4921
4923
3342
3045
3630
0
4997
2254
4902
4222
0
4976
3470
0
0
4923
4236
0
0
3493
0
2921
4530
4690
4265
4082
4676
0
1854
0
0
4747
4110
0
0
3980
4644
3169
4413
4986
2430
2823
0
4150
4242
4943
4962
4830
4947
4422
4962
0
3919
4861
0
4498
4938
0
4522
4639
4079
4585
1670
0
4909
4533
4080
3579
0
4360
4758
3315
3753
2365
3473
3325
0
2924
0
4143
1826
0
4616
4851
4990
4051
4484
4603
4994
2878
4972
4525
3899
0
3555
0
4550
4963
3821
4910
0
4659
4987
3507
4106
3896
4236
4845
4952
3486
4604
3067
0
0
3109
4852
0
4995
4935
3917
4603
4480
0
4823
4211
4373
0
0
4059
0
0
0
3935
0
4633
4440
4064
4716
0
3406
2273
0
4605
4766
4975
4267
0
0
3724
3765
0
4035
4103
3341
4170
3441
4997
4326
0
4269
4592
4522
0
4037
0
2023
0
0
3226
4983
2050
0
0
3705
4609
3791
4923
4207
2213
4983
4985
4745
4511
2700
3777
4835
0
4589
0
4375
4922
0
0
4425
4927
4711
2945
0
2887
4971
4535
0
0
4767
4913
0
0
0
3850
3698
0
3172
0
0
2220
3099
0
4417
3523
0
4255
0
0
0
3435
4044
0
0
4597
4990
2894
0
4715
0
4023
4520
4722
4883
4736
4724
4560
4200
3956
4558
0
3138
4125
3675
0
4999
0
4588
4499
1163
4939
4887
4962
3221
3480
0
4489
0
4364
3787
0
0
3112
0
4826
4929
4532
4992
0
3569
3409
0
4907
4663
4885
2992
4930
4511
4912
4782
4623
0
4334
0
2425
4096
4090
2996
4649
4090
2631
4931
4500
3897
4147
4817
1818
3947
0
4863
4948
4614
0
4757
4669
0
4329
4966
4971
0
3688
4378
4607
4931
0
4327
4983
0
2919
3655
4888
4829
0
0
3865
0
4951
0
1638
4390
0
3028
4969
4884
4659
2979
0
1732
4892
3977
1075
2726
2819
4963
3105
4519
0
4754
4808
4669
4728
3817
0
2253
3703
0
4129
4145
4853
0
4915
0
4954
4324
0
4918
0
0
0
0
4955
0
4595
0
4403
3122
4145
4360
4223
0
4714
0
4946
0
0
4942
3381
0
4438
4322
4619
3846
4888
3131
4459
4899
0
0
0
0
4120
4863
3148
0
4827
3335
3756
3613
4849
4342
3863
0
3884
3430
4674
4083
0
4943
3315
4018
3848
3654
4688
4565
2913
0
0
0
3084
4973
4543
4891
4930
3552
4991
0
0
4247
4437
0
4986
4579
4578
4550
4091
3332
2776
4344
4067
3737
0
4319
4159
4471
2265
3283
4825
3692
0
3698
915
4586
3096
4122
0
0
4559
0
4676
3909
0
4919
0
4145
4756
4980
0
3417
1806
4938
4475
4369
4165
3706
1222
3558
2314
4957
1914
3889
3658
0
4573
3881
3523
4376
4886
0
2016
2662
4779
4304
4863
2294
4751
4874
4394
0
0
3934
3703
4389
0
2988
3510
4028
2898
4208
4511
0
0
4360
1959
0
4568
3692
0
0
0
0
3455
4685
3563
3840
3451
0
0
0
4093
4465
4891
3370
4645
3926
3142
0
4708
0
4564
4760
4656
4435
4905
0
3683
4349
4285
0
4954
3722
0
4917
0
4930
4446
4808
4835
2144
3830
0
4999
0
4518
4563
2520
4650
0
2359
0
4246
3409
0
4561
4745
4645
4903
4875
4788
4479
4306
1874
4645
4615
0
4837
0
4111
4063
4071
2889
4300
1523
3844
0
4772
0
4425
0
3210
3093
4851
4814
0
4624
0
4323
0
0
4568
4984
0
0
4536
4654
0
4936
0
0
0
0
4743
3270
4807
4043
3683
2199
3554
0
2919
2904
4767
4313
0
2800
2544
4495
4964
0
3297
0
4130
4542
4930
4970
4672
3859
0
3490
0
0
4240
4760
3703
0
4994
3467
4960
3916
2822
4423
4264
1939
2167
2387
3956
0
0
0
4859
0
4393
4709
4033
4107
3462
4864
3928
4628
4876
1963
0
4323
0
0
4999
4824
4891
4975
4225
4563
0
4701
0
3904
0
4976
0
3183
4523
2367
4722
0
4342
2462
3875
4748
4079
4865
4982
0
4974
4494
4851
4754
2941
4338
3440
0
0
4552
0
4137
0
2953
3273
0
4992
0
0
0
3951
4601
3584
4237
2915
3472
3013
0
4652
0
4552
4719
0
4651
4231
0
0
2918
4435
2343
0
4981
4949
4896
3205
0
4834
4666
4779
4791
3754
1655
0
4565
4028
0
2379
4070
4978
1860
4301
4661
0
4758
4846
4971
0
4728
2725
0
3984
4477
826
4649
4336
3630
4796
4451
4297
4528
0
4123
4448
4421
2899
4543
2464
4669
4724
4988
4251
0
4735
2858
4112
4587
4360
3701
4308
4591
0
2942
3116
4913
0
1465
3627
4486
2713
4550
4934
0
0
4323
4571
4463
0
4813
3496
4746
0
4077
0
4657
4065
0
0
3543
4861
4515
2227
4185
3563
4984
0
0
0
3488
4694
1425
1674
4307
0
4319
3011
4989
4430
4870
4679
4945
4981
3207
0
4015
3344
0
4594
4360
0
0
4090
0
4995
4093
4187
3855
0
4520
4821
0
4949
4363
0
0
4936
0
0
0
2855
0
1009
4165
4744
2195
0
3738
3963
3987
4383
