1
2
3
1
4
4
1
4
1
4
5
4
4
6
7
8
4
4
9
10
11
12
1
13
4
4
14
4
4
15
16
4
17
1
1
18
19
4
4
20
4
1
21
22
10
23
1
24
1
4
1
1
1
25
4
4
26
25
1
27
28
29
30
1
16
4
31
1
4
4
32
33
4
1
4
1
31
1
4
1
4
4
34
1
1
35
1
36
1
4
1
37
38
39
4
40
4
41
42
37
43
4
4
44
1
4
45
46
47
1
4
4
48
1
1
49
4
1
50
1
51
1
52
4
20
53
19
54
1
4
33
55
56
54
1
57
1
4
58
4
4
59
1
60
1
4
61
4
62
34
4
63
4
64
1
4
1
4
65
1
1
1
37
4
4
1
1
66
67
39
1
1
1
68
1
4
61
1
4
69
1
4
1
70
71
46
72
39
4
73
1
1
4
1
4
1
1
74
35
75
4
32
76
1
39
4
77
1
50
4
78
1
4
79
1
1
4
4
1
80
1
35
1
42
4
4
81
82
70
31
4
1
4
1
1
1
39
83
53
1
84
85
86
87
4
55
88
4
27
18
4
89
90
91
1
48
4
43
41
4
4
4
39
4
4
4
4
92
93
94
1
45
95
1
96
1
4
1
97
49
4
98
1
4
1
99
4
4
4
4
100
101
4
24
1
95
4
102
74
103
1
82
104
4
1
1
98
105
4
4
1
87
4
1
1
18
1
4
4
1
106
107
4
1
67
108
35
4
102
66
1
4
4
1
4
4
18
4
4
1
4
1
109
4
1
110
4
4
4
4
111
57
4
4
1
4
1
4
1
73
1
4
4
1
1
1
4
4
1
34
4
4
4
4
4
1
4
89
112
4
1
39
1
1
1
34
113
114
1
31
1
4
4
115
116
71
117
114
1
4
4
18
1
1
4
23
118
119
1
86
4
4
1
4
34
4
116
110
1
1
11
26
1
1
96
1
13
4
31
1
1
1
4
4
4
120
121
9
122
123
104
1
1
1
1
4
124
5
1
1
125
8
1
1
1
7
4
4
1
121
1
126
4
39
4
31
127
4
4
128
4
4
76
1
1
4
4
4
4
1
129
4
120
4
37
72
1
1
4
39
4
130
1
4
4
1
1
1
4
1
131
1
1
132
1
133
4
4
134
59
1
1
1
4
1
65
4
35
130
1
133
14
37
1
4
4
21
31
1
4
1
88
4
4
4
1
4
4
4
4
135
4
1
1
1
4
22
136
1
37
4
131
4
17
1
1
34
1
37
1
115
80
1
4
1
35
4
137
1
1
4
1
1
4
93
1
99
1
4
34
1
1
31
1
138
4
83
1
4
92
139
63
1
1
1
4
135
18
4
1
4
34
4
1
1
4
100
1
1
140
122
141
4
123
142
4
1
1
1
81
128
1
4
126
37
4
4
1
4
1
35
4
4
1
1
4
12
1
62
1
1
34
1
4
4
1
1
4
4
4
134
47
136
118
4
39
4
1
4
1
1
4
4
4
143
4
4
117
1
4
144
4
56
4
113
4
1
4
105
35
1
4
1
108
1
4
84
1
37
124
125
4
1
4
4
4
4
85
1
29
1
4
77
4
78
4
4
143
40
141
1
1
1
1
1
4
127
1
52
1
4
4
1
4
58
1
4
38
31
1
4
1
1
1
4
36
106
18
4
4
4
142
1
4
145
30
4
1
2
1
4
129
1
39
103
4
1
1
1
18
97
4
1
145
4
1
1
1
51
4
4
34
37
1
31
146
111
1
1
39
1
1
4
137
139
4
6
1
1
1
1
1
4
18
4
146
1
44
39
1
4
147
39
90
1
101
107
140
1
1
4
112
4
4
148
1
79
1
1
109
1
147
35
4
1
4
4

